Oct 04, 2013 9:19:34 AM org.apache.catalina.core.AprLifecycleListener init
INFO: The APR based Apache Tomcat Native library which allows optimal performance in production environments was not found on the java.library.path: /usr/java/packages/lib/i386:/usr/lib/jni:/lib:/usr/lib
Oct 04, 2013 9:19:35 AM org.apache.coyote.AbstractProtocol init
INFO: Initializing ProtocolHandler ["http-bio-8080"]
Oct 04, 2013 9:19:35 AM org.apache.coyote.AbstractProtocol init
INFO: Initializing ProtocolHandler ["ajp-bio-8009"]
Oct 04, 2013 9:19:35 AM org.apache.catalina.startup.Catalina load
INFO: Initialization processed in 1231 ms
Oct 04, 2013 9:19:35 AM org.apache.catalina.core.StandardService startInternal
INFO: Starting service Catalina
Oct 04, 2013 9:19:35 AM org.apache.catalina.core.StandardEngine startInternal
INFO: Starting Servlet Engine: Apache Tomcat/7.0.42
Oct 04, 2013 9:19:35 AM org.apache.catalina.startup.HostConfig deployDirectory
INFO: Deploying web application directory /home/almighyt-amir/Desktop/apache-tomcat-7.0.42/webapps/examples
Oct 04, 2013 9:19:36 AM org.apache.catalina.startup.HostConfig deployDirectory
INFO: Deploying web application directory /home/almighyt-amir/Desktop/apache-tomcat-7.0.42/webapps/docs
Oct 04, 2013 9:19:36 AM org.apache.catalina.startup.HostConfig deployDirectory
INFO: Deploying web application directory /home/almighyt-amir/Desktop/apache-tomcat-7.0.42/webapps/ROOT
Oct 04, 2013 9:19:36 AM org.apache.catalina.startup.HostConfig deployDirectory
INFO: Deploying web application directory /home/almighyt-amir/Desktop/apache-tomcat-7.0.42/webapps/host-manager
Oct 04, 2013 9:19:36 AM org.apache.catalina.startup.HostConfig deployDirectory
INFO: Deploying web application directory /home/almighyt-amir/Desktop/apache-tomcat-7.0.42/webapps/manager
Oct 04, 2013 9:19:36 AM org.apache.coyote.AbstractProtocol start
INFO: Starting ProtocolHandler ["http-bio-8080"]
Oct 04, 2013 9:19:36 AM org.apache.coyote.AbstractProtocol start
INFO: Starting ProtocolHandler ["ajp-bio-8009"]
Oct 04, 2013 9:19:36 AM org.apache.catalina.startup.Catalina start
INFO: Server startup in 1117 ms
Oct 04, 2013 9:20:13 AM org.apache.catalina.core.AprLifecycleListener init
INFO: The APR based Apache Tomcat Native library which allows optimal performance in production environments was not found on the java.library.path: /usr/java/packages/lib/i386:/usr/lib/jni:/lib:/usr/lib
Oct 04, 2013 9:20:14 AM org.apache.coyote.AbstractProtocol init
INFO: Initializing ProtocolHandler ["http-bio-8080"]
Oct 04, 2013 9:20:14 AM org.apache.coyote.AbstractProtocol init
SEVERE: Failed to initialize end point associated with ProtocolHandler ["http-bio-8080"]
java.net.BindException: Address already in use <null>:8080
	at org.apache.tomcat.util.net.JIoEndpoint.bind(JIoEndpoint.java:406)
	at org.apache.tomcat.util.net.AbstractEndpoint.init(AbstractEndpoint.java:610)
	at org.apache.coyote.AbstractProtocol.init(AbstractProtocol.java:429)
	at org.apache.coyote.http11.AbstractHttp11JsseProtocol.init(AbstractHttp11JsseProtocol.java:119)
	at org.apache.catalina.connector.Connector.initInternal(Connector.java:981)
	at org.apache.catalina.util.LifecycleBase.init(LifecycleBase.java:102)
	at org.apache.catalina.core.StandardService.initInternal(StandardService.java:559)
	at org.apache.catalina.util.LifecycleBase.init(LifecycleBase.java:102)
	at org.apache.catalina.core.StandardServer.initInternal(StandardServer.java:814)
	at org.apache.catalina.util.LifecycleBase.init(LifecycleBase.java:102)
	at org.apache.catalina.startup.Catalina.load(Catalina.java:640)
	at org.apache.catalina.startup.Catalina.load(Catalina.java:665)
	at sun.reflect.NativeMethodAccessorImpl.invoke0(Native Method)
	at sun.reflect.NativeMethodAccessorImpl.invoke(NativeMethodAccessorImpl.java:57)
	at sun.reflect.DelegatingMethodAccessorImpl.invoke(DelegatingMethodAccessorImpl.java:43)
	at java.lang.reflect.Method.invoke(Method.java:606)
	at org.apache.catalina.startup.Bootstrap.load(Bootstrap.java:281)
	at org.apache.catalina.startup.Bootstrap.main(Bootstrap.java:455)
Caused by: java.net.BindException: Address already in use
	at java.net.PlainSocketImpl.socketBind(Native Method)
	at java.net.AbstractPlainSocketImpl.bind(AbstractPlainSocketImpl.java:376)
	at java.net.ServerSocket.bind(ServerSocket.java:376)
	at java.net.ServerSocket.<init>(ServerSocket.java:237)
	at java.net.ServerSocket.<init>(ServerSocket.java:181)
	at org.apache.tomcat.util.net.DefaultServerSocketFactory.createSocket(DefaultServerSocketFactory.java:49)
	at org.apache.tomcat.util.net.JIoEndpoint.bind(JIoEndpoint.java:393)
	... 17 more

Oct 04, 2013 9:20:14 AM org.apache.catalina.core.StandardService initInternal
SEVERE: Failed to initialize connector [Connector[HTTP/1.1-8080]]
org.apache.catalina.LifecycleException: Failed to initialize component [Connector[HTTP/1.1-8080]]
	at org.apache.catalina.util.LifecycleBase.init(LifecycleBase.java:106)
	at org.apache.catalina.core.StandardService.initInternal(StandardService.java:559)
	at org.apache.catalina.util.LifecycleBase.init(LifecycleBase.java:102)
	at org.apache.catalina.core.StandardServer.initInternal(StandardServer.java:814)
	at org.apache.catalina.util.LifecycleBase.init(LifecycleBase.java:102)
	at org.apache.catalina.startup.Catalina.load(Catalina.java:640)
	at org.apache.catalina.startup.Catalina.load(Catalina.java:665)
	at sun.reflect.NativeMethodAccessorImpl.invoke0(Native Method)
	at sun.reflect.NativeMethodAccessorImpl.invoke(NativeMethodAccessorImpl.java:57)
	at sun.reflect.DelegatingMethodAccessorImpl.invoke(DelegatingMethodAccessorImpl.java:43)
	at java.lang.reflect.Method.invoke(Method.java:606)
	at org.apache.catalina.startup.Bootstrap.load(Bootstrap.java:281)
	at org.apache.catalina.startup.Bootstrap.main(Bootstrap.java:455)
Caused by: org.apache.catalina.LifecycleException: Protocol handler initialization failed
	at org.apache.catalina.connector.Connector.initInternal(Connector.java:983)
	at org.apache.catalina.util.LifecycleBase.init(LifecycleBase.java:102)
	... 12 more
Caused by: java.net.BindException: Address already in use <null>:8080
	at org.apache.tomcat.util.net.JIoEndpoint.bind(JIoEndpoint.java:406)
	at org.apache.tomcat.util.net.AbstractEndpoint.init(AbstractEndpoint.java:610)
	at org.apache.coyote.AbstractProtocol.init(AbstractProtocol.java:429)
	at org.apache.coyote.http11.AbstractHttp11JsseProtocol.init(AbstractHttp11JsseProtocol.java:119)
	at org.apache.catalina.connector.Connector.initInternal(Connector.java:981)
	... 13 more
Caused by: java.net.BindException: Address already in use
	at java.net.PlainSocketImpl.socketBind(Native Method)
	at java.net.AbstractPlainSocketImpl.bind(AbstractPlainSocketImpl.java:376)
	at java.net.ServerSocket.bind(ServerSocket.java:376)
	at java.net.ServerSocket.<init>(ServerSocket.java:237)
	at java.net.ServerSocket.<init>(ServerSocket.java:181)
	at org.apache.tomcat.util.net.DefaultServerSocketFactory.createSocket(DefaultServerSocketFactory.java:49)
	at org.apache.tomcat.util.net.JIoEndpoint.bind(JIoEndpoint.java:393)
	... 17 more

Oct 04, 2013 9:20:14 AM org.apache.coyote.AbstractProtocol init
INFO: Initializing ProtocolHandler ["ajp-bio-8009"]
Oct 04, 2013 9:20:14 AM org.apache.coyote.AbstractProtocol init
SEVERE: Failed to initialize end point associated with ProtocolHandler ["ajp-bio-8009"]
java.net.BindException: Address already in use <null>:8009
	at org.apache.tomcat.util.net.JIoEndpoint.bind(JIoEndpoint.java:406)
	at org.apache.tomcat.util.net.AbstractEndpoint.init(AbstractEndpoint.java:610)
	at org.apache.coyote.AbstractProtocol.init(AbstractProtocol.java:429)
	at org.apache.catalina.connector.Connector.initInternal(Connector.java:981)
	at org.apache.catalina.util.LifecycleBase.init(LifecycleBase.java:102)
	at org.apache.catalina.core.StandardService.initInternal(StandardService.java:559)
	at org.apache.catalina.util.LifecycleBase.init(LifecycleBase.java:102)
	at org.apache.catalina.core.StandardServer.initInternal(StandardServer.java:814)
	at org.apache.catalina.util.LifecycleBase.init(LifecycleBase.java:102)
	at org.apache.catalina.startup.Catalina.load(Catalina.java:640)
	at org.apache.catalina.startup.Catalina.load(Catalina.java:665)
	at sun.reflect.NativeMethodAccessorImpl.invoke0(Native Method)
	at sun.reflect.NativeMethodAccessorImpl.invoke(NativeMethodAccessorImpl.java:57)
	at sun.reflect.DelegatingMethodAccessorImpl.invoke(DelegatingMethodAccessorImpl.java:43)
	at java.lang.reflect.Method.invoke(Method.java:606)
	at org.apache.catalina.startup.Bootstrap.load(Bootstrap.java:281)
	at org.apache.catalina.startup.Bootstrap.main(Bootstrap.java:455)
Caused by: java.net.BindException: Address already in use
	at java.net.PlainSocketImpl.socketBind(Native Method)
	at java.net.AbstractPlainSocketImpl.bind(AbstractPlainSocketImpl.java:376)
	at java.net.ServerSocket.bind(ServerSocket.java:376)
	at java.net.ServerSocket.<init>(ServerSocket.java:237)
	at java.net.ServerSocket.<init>(ServerSocket.java:181)
	at org.apache.tomcat.util.net.DefaultServerSocketFactory.createSocket(DefaultServerSocketFactory.java:49)
	at org.apache.tomcat.util.net.JIoEndpoint.bind(JIoEndpoint.java:393)
	... 16 more

Oct 04, 2013 9:20:14 AM org.apache.catalina.core.StandardService initInternal
SEVERE: Failed to initialize connector [Connector[AJP/1.3-8009]]
org.apache.catalina.LifecycleException: Failed to initialize component [Connector[AJP/1.3-8009]]
	at org.apache.catalina.util.LifecycleBase.init(LifecycleBase.java:106)
	at org.apache.catalina.core.StandardService.initInternal(StandardService.java:559)
	at org.apache.catalina.util.LifecycleBase.init(LifecycleBase.java:102)
	at org.apache.catalina.core.StandardServer.initInternal(StandardServer.java:814)
	at org.apache.catalina.util.LifecycleBase.init(LifecycleBase.java:102)
	at org.apache.catalina.startup.Catalina.load(Catalina.java:640)
	at org.apache.catalina.startup.Catalina.load(Catalina.java:665)
	at sun.reflect.NativeMethodAccessorImpl.invoke0(Native Method)
	at sun.reflect.NativeMethodAccessorImpl.invoke(NativeMethodAccessorImpl.java:57)
	at sun.reflect.DelegatingMethodAccessorImpl.invoke(DelegatingMethodAccessorImpl.java:43)
	at java.lang.reflect.Method.invoke(Method.java:606)
	at org.apache.catalina.startup.Bootstrap.load(Bootstrap.java:281)
	at org.apache.catalina.startup.Bootstrap.main(Bootstrap.java:455)
Caused by: org.apache.catalina.LifecycleException: Protocol handler initialization failed
	at org.apache.catalina.connector.Connector.initInternal(Connector.java:983)
	at org.apache.catalina.util.LifecycleBase.init(LifecycleBase.java:102)
	... 12 more
Caused by: java.net.BindException: Address already in use <null>:8009
	at org.apache.tomcat.util.net.JIoEndpoint.bind(JIoEndpoint.java:406)
	at org.apache.tomcat.util.net.AbstractEndpoint.init(AbstractEndpoint.java:610)
	at org.apache.coyote.AbstractProtocol.init(AbstractProtocol.java:429)
	at org.apache.catalina.connector.Connector.initInternal(Connector.java:981)
	... 13 more
Caused by: java.net.BindException: Address already in use
	at java.net.PlainSocketImpl.socketBind(Native Method)
	at java.net.AbstractPlainSocketImpl.bind(AbstractPlainSocketImpl.java:376)
	at java.net.ServerSocket.bind(ServerSocket.java:376)
	at java.net.ServerSocket.<init>(ServerSocket.java:237)
	at java.net.ServerSocket.<init>(ServerSocket.java:181)
	at org.apache.tomcat.util.net.DefaultServerSocketFactory.createSocket(DefaultServerSocketFactory.java:49)
	at org.apache.tomcat.util.net.JIoEndpoint.bind(JIoEndpoint.java:393)
	... 16 more

Oct 04, 2013 9:20:14 AM org.apache.catalina.startup.Catalina load
INFO: Initialization processed in 826 ms
Oct 04, 2013 9:20:14 AM org.apache.catalina.core.StandardService startInternal
INFO: Starting service Catalina
Oct 04, 2013 9:20:14 AM org.apache.catalina.core.StandardEngine startInternal
INFO: Starting Servlet Engine: Apache Tomcat/7.0.42
Oct 04, 2013 9:20:14 AM org.apache.catalina.startup.HostConfig deployDirectory
INFO: Deploying web application directory /home/almighyt-amir/Desktop/apache-tomcat-7.0.42/webapps/examples
Oct 04, 2013 9:20:18 AM org.apache.catalina.util.SessionIdGenerator createSecureRandom
INFO: Creation of SecureRandom instance for session ID generation using [SHA1PRNG] took [3,326] milliseconds.
Oct 04, 2013 9:20:18 AM org.apache.catalina.startup.HostConfig deployDirectory
INFO: Deploying web application directory /home/almighyt-amir/Desktop/apache-tomcat-7.0.42/webapps/docs
Oct 04, 2013 9:20:18 AM org.apache.catalina.startup.HostConfig deployDirectory
INFO: Deploying web application directory /home/almighyt-amir/Desktop/apache-tomcat-7.0.42/webapps/ROOT
Oct 04, 2013 9:20:18 AM org.apache.catalina.startup.HostConfig deployDirectory
INFO: Deploying web application directory /home/almighyt-amir/Desktop/apache-tomcat-7.0.42/webapps/host-manager
Oct 04, 2013 9:20:18 AM org.apache.catalina.startup.HostConfig deployDirectory
INFO: Deploying web application directory /home/almighyt-amir/Desktop/apache-tomcat-7.0.42/webapps/manager
Oct 04, 2013 9:20:18 AM org.apache.catalina.startup.Catalina start
INFO: Server startup in 4345 ms
Oct 04, 2013 9:20:18 AM org.apache.catalina.core.StandardServer await
SEVERE: StandardServer.await: create[localhost:8005]: 
java.net.BindException: Address already in use
	at java.net.PlainSocketImpl.socketBind(Native Method)
	at java.net.AbstractPlainSocketImpl.bind(AbstractPlainSocketImpl.java:376)
	at java.net.ServerSocket.bind(ServerSocket.java:376)
	at java.net.ServerSocket.<init>(ServerSocket.java:237)
	at org.apache.catalina.core.StandardServer.await(StandardServer.java:427)
	at org.apache.catalina.startup.Catalina.await(Catalina.java:779)
	at org.apache.catalina.startup.Catalina.start(Catalina.java:725)
	at sun.reflect.NativeMethodAccessorImpl.invoke0(Native Method)
	at sun.reflect.NativeMethodAccessorImpl.invoke(NativeMethodAccessorImpl.java:57)
	at sun.reflect.DelegatingMethodAccessorImpl.invoke(DelegatingMethodAccessorImpl.java:43)
	at java.lang.reflect.Method.invoke(Method.java:606)
	at org.apache.catalina.startup.Bootstrap.start(Bootstrap.java:322)
	at org.apache.catalina.startup.Bootstrap.main(Bootstrap.java:456)

Oct 04, 2013 9:20:18 AM org.apache.coyote.AbstractProtocol pause
INFO: Pausing ProtocolHandler ["http-bio-8080"]
Oct 04, 2013 9:20:18 AM org.apache.coyote.AbstractProtocol pause
INFO: Pausing ProtocolHandler ["ajp-bio-8009"]
Oct 04, 2013 9:20:18 AM org.apache.catalina.core.StandardService stopInternal
INFO: Stopping service Catalina
Oct 04, 2013 9:20:18 AM org.apache.coyote.AbstractProtocol stop
INFO: Stopping ProtocolHandler ["http-bio-8080"]
Oct 04, 2013 9:20:18 AM org.apache.coyote.AbstractProtocol destroy
INFO: Destroying ProtocolHandler ["http-bio-8080"]
Oct 04, 2013 9:20:18 AM org.apache.coyote.AbstractProtocol stop
INFO: Stopping ProtocolHandler ["ajp-bio-8009"]
Oct 04, 2013 9:20:18 AM org.apache.coyote.AbstractProtocol destroy
INFO: Destroying ProtocolHandler ["ajp-bio-8009"]
Oct 04, 2013 9:21:17 AM org.apache.catalina.core.AprLifecycleListener init
INFO: The APR based Apache Tomcat Native library which allows optimal performance in production environments was not found on the java.library.path: /usr/java/packages/lib/i386:/usr/lib/jni:/lib:/usr/lib
Oct 04, 2013 9:21:17 AM org.apache.coyote.AbstractProtocol init
INFO: Initializing ProtocolHandler ["http-bio-8080"]
Oct 04, 2013 9:21:17 AM org.apache.coyote.AbstractProtocol init
SEVERE: Failed to initialize end point associated with ProtocolHandler ["http-bio-8080"]
java.net.BindException: Address already in use <null>:8080
	at org.apache.tomcat.util.net.JIoEndpoint.bind(JIoEndpoint.java:406)
	at org.apache.tomcat.util.net.AbstractEndpoint.init(AbstractEndpoint.java:610)
	at org.apache.coyote.AbstractProtocol.init(AbstractProtocol.java:429)
	at org.apache.coyote.http11.AbstractHttp11JsseProtocol.init(AbstractHttp11JsseProtocol.java:119)
	at org.apache.catalina.connector.Connector.initInternal(Connector.java:981)
	at org.apache.catalina.util.LifecycleBase.init(LifecycleBase.java:102)
	at org.apache.catalina.core.StandardService.initInternal(StandardService.java:559)
	at org.apache.catalina.util.LifecycleBase.init(LifecycleBase.java:102)
	at org.apache.catalina.core.StandardServer.initInternal(StandardServer.java:814)
	at org.apache.catalina.util.LifecycleBase.init(LifecycleBase.java:102)
	at org.apache.catalina.startup.Catalina.load(Catalina.java:640)
	at org.apache.catalina.startup.Catalina.load(Catalina.java:665)
	at sun.reflect.NativeMethodAccessorImpl.invoke0(Native Method)
	at sun.reflect.NativeMethodAccessorImpl.invoke(NativeMethodAccessorImpl.java:57)
	at sun.reflect.DelegatingMethodAccessorImpl.invoke(DelegatingMethodAccessorImpl.java:43)
	at java.lang.reflect.Method.invoke(Method.java:606)
	at org.apache.catalina.startup.Bootstrap.load(Bootstrap.java:281)
	at org.apache.catalina.startup.Bootstrap.main(Bootstrap.java:455)
Caused by: java.net.BindException: Address already in use
	at java.net.PlainSocketImpl.socketBind(Native Method)
	at java.net.AbstractPlainSocketImpl.bind(AbstractPlainSocketImpl.java:376)
	at java.net.ServerSocket.bind(ServerSocket.java:376)
	at java.net.ServerSocket.<init>(ServerSocket.java:237)
	at java.net.ServerSocket.<init>(ServerSocket.java:181)
	at org.apache.tomcat.util.net.DefaultServerSocketFactory.createSocket(DefaultServerSocketFactory.java:49)
	at org.apache.tomcat.util.net.JIoEndpoint.bind(JIoEndpoint.java:393)
	... 17 more

Oct 04, 2013 9:21:17 AM org.apache.catalina.core.StandardService initInternal
SEVERE: Failed to initialize connector [Connector[HTTP/1.1-8080]]
org.apache.catalina.LifecycleException: Failed to initialize component [Connector[HTTP/1.1-8080]]
	at org.apache.catalina.util.LifecycleBase.init(LifecycleBase.java:106)
	at org.apache.catalina.core.StandardService.initInternal(StandardService.java:559)
	at org.apache.catalina.util.LifecycleBase.init(LifecycleBase.java:102)
	at org.apache.catalina.core.StandardServer.initInternal(StandardServer.java:814)
	at org.apache.catalina.util.LifecycleBase.init(LifecycleBase.java:102)
	at org.apache.catalina.startup.Catalina.load(Catalina.java:640)
	at org.apache.catalina.startup.Catalina.load(Catalina.java:665)
	at sun.reflect.NativeMethodAccessorImpl.invoke0(Native Method)
	at sun.reflect.NativeMethodAccessorImpl.invoke(NativeMethodAccessorImpl.java:57)
	at sun.reflect.DelegatingMethodAccessorImpl.invoke(DelegatingMethodAccessorImpl.java:43)
	at java.lang.reflect.Method.invoke(Method.java:606)
	at org.apache.catalina.startup.Bootstrap.load(Bootstrap.java:281)
	at org.apache.catalina.startup.Bootstrap.main(Bootstrap.java:455)
Caused by: org.apache.catalina.LifecycleException: Protocol handler initialization failed
	at org.apache.catalina.connector.Connector.initInternal(Connector.java:983)
	at org.apache.catalina.util.LifecycleBase.init(LifecycleBase.java:102)
	... 12 more
Caused by: java.net.BindException: Address already in use <null>:8080
	at org.apache.tomcat.util.net.JIoEndpoint.bind(JIoEndpoint.java:406)
	at org.apache.tomcat.util.net.AbstractEndpoint.init(AbstractEndpoint.java:610)
	at org.apache.coyote.AbstractProtocol.init(AbstractProtocol.java:429)
	at org.apache.coyote.http11.AbstractHttp11JsseProtocol.init(AbstractHttp11JsseProtocol.java:119)
	at org.apache.catalina.connector.Connector.initInternal(Connector.java:981)
	... 13 more
Caused by: java.net.BindException: Address already in use
	at java.net.PlainSocketImpl.socketBind(Native Method)
	at java.net.AbstractPlainSocketImpl.bind(AbstractPlainSocketImpl.java:376)
	at java.net.ServerSocket.bind(ServerSocket.java:376)
	at java.net.ServerSocket.<init>(ServerSocket.java:237)
	at java.net.ServerSocket.<init>(ServerSocket.java:181)
	at org.apache.tomcat.util.net.DefaultServerSocketFactory.createSocket(DefaultServerSocketFactory.java:49)
	at org.apache.tomcat.util.net.JIoEndpoint.bind(JIoEndpoint.java:393)
	... 17 more

Oct 04, 2013 9:21:17 AM org.apache.coyote.AbstractProtocol init
INFO: Initializing ProtocolHandler ["ajp-bio-8009"]
Oct 04, 2013 9:21:17 AM org.apache.coyote.AbstractProtocol init
SEVERE: Failed to initialize end point associated with ProtocolHandler ["ajp-bio-8009"]
java.net.BindException: Address already in use <null>:8009
	at org.apache.tomcat.util.net.JIoEndpoint.bind(JIoEndpoint.java:406)
	at org.apache.tomcat.util.net.AbstractEndpoint.init(AbstractEndpoint.java:610)
	at org.apache.coyote.AbstractProtocol.init(AbstractProtocol.java:429)
	at org.apache.catalina.connector.Connector.initInternal(Connector.java:981)
	at org.apache.catalina.util.LifecycleBase.init(LifecycleBase.java:102)
	at org.apache.catalina.core.StandardService.initInternal(StandardService.java:559)
	at org.apache.catalina.util.LifecycleBase.init(LifecycleBase.java:102)
	at org.apache.catalina.core.StandardServer.initInternal(StandardServer.java:814)
	at org.apache.catalina.util.LifecycleBase.init(LifecycleBase.java:102)
	at org.apache.catalina.startup.Catalina.load(Catalina.java:640)
	at org.apache.catalina.startup.Catalina.load(Catalina.java:665)
	at sun.reflect.NativeMethodAccessorImpl.invoke0(Native Method)
	at sun.reflect.NativeMethodAccessorImpl.invoke(NativeMethodAccessorImpl.java:57)
	at sun.reflect.DelegatingMethodAccessorImpl.invoke(DelegatingMethodAccessorImpl.java:43)
	at java.lang.reflect.Method.invoke(Method.java:606)
	at org.apache.catalina.startup.Bootstrap.load(Bootstrap.java:281)
	at org.apache.catalina.startup.Bootstrap.main(Bootstrap.java:455)
Caused by: java.net.BindException: Address already in use
	at java.net.PlainSocketImpl.socketBind(Native Method)
	at java.net.AbstractPlainSocketImpl.bind(AbstractPlainSocketImpl.java:376)
	at java.net.ServerSocket.bind(ServerSocket.java:376)
	at java.net.ServerSocket.<init>(ServerSocket.java:237)
	at java.net.ServerSocket.<init>(ServerSocket.java:181)
	at org.apache.tomcat.util.net.DefaultServerSocketFactory.createSocket(DefaultServerSocketFactory.java:49)
	at org.apache.tomcat.util.net.JIoEndpoint.bind(JIoEndpoint.java:393)
	... 16 more

Oct 04, 2013 9:21:17 AM org.apache.catalina.core.StandardService initInternal
SEVERE: Failed to initialize connector [Connector[AJP/1.3-8009]]
org.apache.catalina.LifecycleException: Failed to initialize component [Connector[AJP/1.3-8009]]
	at org.apache.catalina.util.LifecycleBase.init(LifecycleBase.java:106)
	at org.apache.catalina.core.StandardService.initInternal(StandardService.java:559)
	at org.apache.catalina.util.LifecycleBase.init(LifecycleBase.java:102)
	at org.apache.catalina.core.StandardServer.initInternal(StandardServer.java:814)
	at org.apache.catalina.util.LifecycleBase.init(LifecycleBase.java:102)
	at org.apache.catalina.startup.Catalina.load(Catalina.java:640)
	at org.apache.catalina.startup.Catalina.load(Catalina.java:665)
	at sun.reflect.NativeMethodAccessorImpl.invoke0(Native Method)
	at sun.reflect.NativeMethodAccessorImpl.invoke(NativeMethodAccessorImpl.java:57)
	at sun.reflect.DelegatingMethodAccessorImpl.invoke(DelegatingMethodAccessorImpl.java:43)
	at java.lang.reflect.Method.invoke(Method.java:606)
	at org.apache.catalina.startup.Bootstrap.load(Bootstrap.java:281)
	at org.apache.catalina.startup.Bootstrap.main(Bootstrap.java:455)
Caused by: org.apache.catalina.LifecycleException: Protocol handler initialization failed
	at org.apache.catalina.connector.Connector.initInternal(Connector.java:983)
	at org.apache.catalina.util.LifecycleBase.init(LifecycleBase.java:102)
	... 12 more
Caused by: java.net.BindException: Address already in use <null>:8009
	at org.apache.tomcat.util.net.JIoEndpoint.bind(JIoEndpoint.java:406)
	at org.apache.tomcat.util.net.AbstractEndpoint.init(AbstractEndpoint.java:610)
	at org.apache.coyote.AbstractProtocol.init(AbstractProtocol.java:429)
	at org.apache.catalina.connector.Connector.initInternal(Connector.java:981)
	... 13 more
Caused by: java.net.BindException: Address already in use
	at java.net.PlainSocketImpl.socketBind(Native Method)
	at java.net.AbstractPlainSocketImpl.bind(AbstractPlainSocketImpl.java:376)
	at java.net.ServerSocket.bind(ServerSocket.java:376)
	at java.net.ServerSocket.<init>(ServerSocket.java:237)
	at java.net.ServerSocket.<init>(ServerSocket.java:181)
	at org.apache.tomcat.util.net.DefaultServerSocketFactory.createSocket(DefaultServerSocketFactory.java:49)
	at org.apache.tomcat.util.net.JIoEndpoint.bind(JIoEndpoint.java:393)
	... 16 more

Oct 04, 2013 9:21:17 AM org.apache.catalina.startup.Catalina load
INFO: Initialization processed in 823 ms
Oct 04, 2013 9:21:17 AM org.apache.catalina.core.StandardService startInternal
INFO: Starting service Catalina
Oct 04, 2013 9:21:17 AM org.apache.catalina.core.StandardEngine startInternal
INFO: Starting Servlet Engine: Apache Tomcat/7.0.42
Oct 04, 2013 9:21:17 AM org.apache.catalina.startup.HostConfig deployDirectory
INFO: Deploying web application directory /home/almighyt-amir/Desktop/apache-tomcat-7.0.42/webapps/examples
Oct 04, 2013 9:21:18 AM org.apache.catalina.startup.HostConfig deployDirectory
INFO: Deploying web application directory /home/almighyt-amir/Desktop/apache-tomcat-7.0.42/webapps/docs
Oct 04, 2013 9:21:18 AM org.apache.catalina.startup.HostConfig deployDirectory
INFO: Deploying web application directory /home/almighyt-amir/Desktop/apache-tomcat-7.0.42/webapps/ROOT
Oct 04, 2013 9:21:18 AM org.apache.catalina.startup.HostConfig deployDirectory
INFO: Deploying web application directory /home/almighyt-amir/Desktop/apache-tomcat-7.0.42/webapps/host-manager
Oct 04, 2013 9:21:18 AM org.apache.catalina.startup.HostConfig deployDirectory
INFO: Deploying web application directory /home/almighyt-amir/Desktop/apache-tomcat-7.0.42/webapps/manager
Oct 04, 2013 9:21:18 AM org.apache.catalina.startup.Catalina start
INFO: Server startup in 995 ms
Oct 04, 2013 9:21:18 AM org.apache.catalina.core.StandardServer await
SEVERE: StandardServer.await: create[localhost:8005]: 
java.net.BindException: Address already in use
	at java.net.PlainSocketImpl.socketBind(Native Method)
	at java.net.AbstractPlainSocketImpl.bind(AbstractPlainSocketImpl.java:376)
	at java.net.ServerSocket.bind(ServerSocket.java:376)
	at java.net.ServerSocket.<init>(ServerSocket.java:237)
	at org.apache.catalina.core.StandardServer.await(StandardServer.java:427)
	at org.apache.catalina.startup.Catalina.await(Catalina.java:779)
	at org.apache.catalina.startup.Catalina.start(Catalina.java:725)
	at sun.reflect.NativeMethodAccessorImpl.invoke0(Native Method)
	at sun.reflect.NativeMethodAccessorImpl.invoke(NativeMethodAccessorImpl.java:57)
	at sun.reflect.DelegatingMethodAccessorImpl.invoke(DelegatingMethodAccessorImpl.java:43)
	at java.lang.reflect.Method.invoke(Method.java:606)
	at org.apache.catalina.startup.Bootstrap.start(Bootstrap.java:322)
	at org.apache.catalina.startup.Bootstrap.main(Bootstrap.java:456)

Oct 04, 2013 9:21:18 AM org.apache.coyote.AbstractProtocol pause
INFO: Pausing ProtocolHandler ["http-bio-8080"]
Oct 04, 2013 9:21:18 AM org.apache.coyote.AbstractProtocol pause
INFO: Pausing ProtocolHandler ["ajp-bio-8009"]
Oct 04, 2013 9:21:18 AM org.apache.catalina.core.StandardService stopInternal
INFO: Stopping service Catalina
Oct 04, 2013 9:21:18 AM org.apache.coyote.AbstractProtocol stop
INFO: Stopping ProtocolHandler ["http-bio-8080"]
Oct 04, 2013 9:21:18 AM org.apache.coyote.AbstractProtocol destroy
INFO: Destroying ProtocolHandler ["http-bio-8080"]
Oct 04, 2013 9:21:18 AM org.apache.coyote.AbstractProtocol stop
INFO: Stopping ProtocolHandler ["ajp-bio-8009"]
Oct 04, 2013 9:21:18 AM org.apache.coyote.AbstractProtocol destroy
INFO: Destroying ProtocolHandler ["ajp-bio-8009"]
Oct 04, 2013 9:22:38 AM org.apache.catalina.core.StandardServer await
INFO: A valid shutdown command was received via the shutdown port. Stopping the Server instance.
Oct 04, 2013 9:22:38 AM org.apache.coyote.AbstractProtocol pause
INFO: Pausing ProtocolHandler ["http-bio-8080"]
Oct 04, 2013 9:22:38 AM org.apache.coyote.AbstractProtocol pause
INFO: Pausing ProtocolHandler ["ajp-bio-8009"]
Oct 04, 2013 9:22:38 AM org.apache.catalina.core.StandardService stopInternal
INFO: Stopping service Catalina
Oct 04, 2013 9:22:38 AM org.apache.coyote.AbstractProtocol stop
INFO: Stopping ProtocolHandler ["http-bio-8080"]
Oct 04, 2013 9:22:38 AM org.apache.coyote.AbstractProtocol stop
INFO: Stopping ProtocolHandler ["ajp-bio-8009"]
Oct 04, 2013 9:22:38 AM org.apache.coyote.AbstractProtocol destroy
INFO: Destroying ProtocolHandler ["http-bio-8080"]
Oct 04, 2013 9:22:38 AM org.apache.coyote.AbstractProtocol destroy
INFO: Destroying ProtocolHandler ["ajp-bio-8009"]
Oct 04, 2013 9:22:56 AM org.apache.catalina.core.AprLifecycleListener init
INFO: The APR based Apache Tomcat Native library which allows optimal performance in production environments was not found on the java.library.path: /usr/java/packages/lib/i386:/usr/lib/jni:/lib:/usr/lib
Oct 04, 2013 9:22:56 AM org.apache.coyote.AbstractProtocol init
INFO: Initializing ProtocolHandler ["http-bio-8080"]
Oct 04, 2013 9:22:56 AM org.apache.coyote.AbstractProtocol init
INFO: Initializing ProtocolHandler ["ajp-bio-8009"]
Oct 04, 2013 9:22:56 AM org.apache.catalina.startup.Catalina load
INFO: Initialization processed in 827 ms
Oct 04, 2013 9:22:56 AM org.apache.catalina.core.StandardService startInternal
INFO: Starting service Catalina
Oct 04, 2013 9:22:56 AM org.apache.catalina.core.StandardEngine startInternal
INFO: Starting Servlet Engine: Apache Tomcat/7.0.42
Oct 04, 2013 9:22:56 AM org.apache.catalina.startup.HostConfig deployDirectory
INFO: Deploying web application directory /home/almighyt-amir/Desktop/apache-tomcat-7.0.42/webapps/examples
Oct 04, 2013 9:22:57 AM org.apache.catalina.startup.HostConfig deployDirectory
INFO: Deploying web application directory /home/almighyt-amir/Desktop/apache-tomcat-7.0.42/webapps/docs
Oct 04, 2013 9:22:57 AM org.apache.catalina.startup.HostConfig deployDirectory
INFO: Deploying web application directory /home/almighyt-amir/Desktop/apache-tomcat-7.0.42/webapps/ROOT
Oct 04, 2013 9:22:57 AM org.apache.catalina.startup.HostConfig deployDirectory
INFO: Deploying web application directory /home/almighyt-amir/Desktop/apache-tomcat-7.0.42/webapps/host-manager
Oct 04, 2013 9:22:57 AM org.apache.catalina.startup.HostConfig deployDirectory
INFO: Deploying web application directory /home/almighyt-amir/Desktop/apache-tomcat-7.0.42/webapps/manager
Oct 04, 2013 9:22:57 AM org.apache.coyote.AbstractProtocol start
INFO: Starting ProtocolHandler ["http-bio-8080"]
Oct 04, 2013 9:22:57 AM org.apache.coyote.AbstractProtocol start
INFO: Starting ProtocolHandler ["ajp-bio-8009"]
Oct 04, 2013 9:22:57 AM org.apache.catalina.startup.Catalina start
INFO: Server startup in 1102 ms
Oct 04, 2013 9:33:38 AM org.apache.catalina.core.StandardServer await
INFO: A valid shutdown command was received via the shutdown port. Stopping the Server instance.
Oct 04, 2013 9:33:38 AM org.apache.coyote.AbstractProtocol pause
INFO: Pausing ProtocolHandler ["http-bio-8080"]
Oct 04, 2013 9:33:38 AM org.apache.coyote.AbstractProtocol pause
INFO: Pausing ProtocolHandler ["ajp-bio-8009"]
Oct 04, 2013 9:33:38 AM org.apache.catalina.core.StandardService stopInternal
INFO: Stopping service Catalina
Oct 04, 2013 9:33:38 AM org.apache.coyote.AbstractProtocol stop
INFO: Stopping ProtocolHandler ["http-bio-8080"]
Oct 04, 2013 9:33:38 AM org.apache.coyote.AbstractProtocol stop
INFO: Stopping ProtocolHandler ["ajp-bio-8009"]
Oct 04, 2013 9:33:38 AM org.apache.coyote.AbstractProtocol destroy
INFO: Destroying ProtocolHandler ["http-bio-8080"]
Oct 04, 2013 9:33:38 AM org.apache.coyote.AbstractProtocol destroy
INFO: Destroying ProtocolHandler ["ajp-bio-8009"]
Oct 04, 2013 9:33:46 AM org.apache.catalina.core.AprLifecycleListener init
INFO: The APR based Apache Tomcat Native library which allows optimal performance in production environments was not found on the java.library.path: /usr/java/packages/lib/i386:/usr/lib/jni:/lib:/usr/lib
Oct 04, 2013 9:33:46 AM org.apache.coyote.AbstractProtocol init
INFO: Initializing ProtocolHandler ["http-bio-8080"]
Oct 04, 2013 9:33:46 AM org.apache.coyote.AbstractProtocol init
INFO: Initializing ProtocolHandler ["ajp-bio-8009"]
Oct 04, 2013 9:33:46 AM org.apache.catalina.startup.Catalina load
INFO: Initialization processed in 810 ms
Oct 04, 2013 9:33:46 AM org.apache.catalina.core.StandardService startInternal
INFO: Starting service Catalina
Oct 04, 2013 9:33:46 AM org.apache.catalina.core.StandardEngine startInternal
INFO: Starting Servlet Engine: Apache Tomcat/7.0.42
Oct 04, 2013 9:33:46 AM org.apache.catalina.startup.HostConfig deployDirectory
INFO: Deploying web application directory /home/almighyt-amir/Desktop/apache-tomcat-7.0.42/webapps/examples
Oct 04, 2013 9:33:56 AM org.apache.catalina.util.SessionIdGenerator createSecureRandom
INFO: Creation of SecureRandom instance for session ID generation using [SHA1PRNG] took [8,728] milliseconds.
Oct 04, 2013 9:33:56 AM org.apache.catalina.startup.HostConfig deployDirectory
INFO: Deploying web application directory /home/almighyt-amir/Desktop/apache-tomcat-7.0.42/webapps/docs
Oct 04, 2013 9:33:56 AM org.apache.catalina.startup.HostConfig deployDirectory
INFO: Deploying web application directory /home/almighyt-amir/Desktop/apache-tomcat-7.0.42/webapps/ROOT
Oct 04, 2013 9:33:56 AM org.apache.catalina.startup.HostConfig deployDirectory
INFO: Deploying web application directory /home/almighyt-amir/Desktop/apache-tomcat-7.0.42/webapps/host-manager
Oct 04, 2013 9:33:56 AM org.apache.catalina.startup.HostConfig deployDirectory
INFO: Deploying web application directory /home/almighyt-amir/Desktop/apache-tomcat-7.0.42/webapps/manager
Oct 04, 2013 9:33:56 AM org.apache.coyote.AbstractProtocol start
INFO: Starting ProtocolHandler ["http-bio-8080"]
Oct 04, 2013 9:33:56 AM org.apache.coyote.AbstractProtocol start
INFO: Starting ProtocolHandler ["ajp-bio-8009"]
Oct 04, 2013 9:33:56 AM org.apache.catalina.startup.Catalina start
INFO: Server startup in 9825 ms
Oct 04, 2013 9:46:06 AM org.apache.catalina.startup.HostConfig deployDirectory
INFO: Deploying web application directory /home/almighyt-amir/Desktop/apache-tomcat-7.0.42/webapps/jsp-hello
Oct 04, 2013 9:52:36 AM org.apache.catalina.startup.HostConfig deployDirectory
INFO: Deploying web application directory /home/almighyt-amir/Desktop/apache-tomcat-7.0.42/webapps/jsp-calculator-jquery
Oct 04, 2013 10:00:07 AM org.apache.catalina.startup.HostConfig deleteRedeployResources
INFO: Undeploying context [/jsp-calculator-jquery]
Oct 04, 2013 10:00:07 AM org.apache.catalina.startup.HostConfig deployDirectory
INFO: Deploying web application directory /home/almighyt-amir/Desktop/apache-tomcat-7.0.42/webapps/jsp-calculator
Oct 04, 2013 10:00:46 AM org.apache.coyote.AbstractProtocol pause
INFO: Pausing ProtocolHandler ["http-bio-8080"]
Oct 04, 2013 10:00:46 AM org.apache.coyote.AbstractProtocol pause
INFO: Pausing ProtocolHandler ["ajp-bio-8009"]
Oct 04, 2013 10:00:46 AM org.apache.catalina.core.StandardService stopInternal
INFO: Stopping service Catalina
Oct 04, 2013 10:00:46 AM org.apache.coyote.AbstractProtocol stop
INFO: Stopping ProtocolHandler ["http-bio-8080"]
Oct 04, 2013 10:00:46 AM org.apache.coyote.AbstractProtocol stop
INFO: Stopping ProtocolHandler ["ajp-bio-8009"]
Oct 04, 2013 10:00:46 AM org.apache.coyote.AbstractProtocol destroy
INFO: Destroying ProtocolHandler ["http-bio-8080"]
Oct 04, 2013 10:00:46 AM org.apache.coyote.AbstractProtocol destroy
INFO: Destroying ProtocolHandler ["ajp-bio-8009"]
Oct 04, 2013 11:19:25 AM org.apache.catalina.core.AprLifecycleListener init
INFO: The APR based Apache Tomcat Native library which allows optimal performance in production environments was not found on the java.library.path: /usr/java/packages/lib/i386:/usr/lib/jni:/lib:/usr/lib
Oct 04, 2013 11:19:26 AM org.apache.coyote.AbstractProtocol init
INFO: Initializing ProtocolHandler ["http-bio-8080"]
Oct 04, 2013 11:19:26 AM org.apache.coyote.AbstractProtocol init
INFO: Initializing ProtocolHandler ["ajp-bio-8009"]
Oct 04, 2013 11:19:26 AM org.apache.catalina.startup.Catalina load
INFO: Initialization processed in 1706 ms
Oct 04, 2013 11:19:26 AM org.apache.catalina.core.StandardService startInternal
INFO: Starting service Catalina
Oct 04, 2013 11:19:26 AM org.apache.catalina.core.StandardEngine startInternal
INFO: Starting Servlet Engine: Apache Tomcat/7.0.42
Oct 04, 2013 11:19:26 AM org.apache.catalina.startup.HostConfig deployDirectory
INFO: Deploying web application directory /home/almighyt-amir/Desktop/apache-tomcat-7.0.42/webapps/examples
Oct 04, 2013 11:19:27 AM org.apache.catalina.startup.HostConfig deployDirectory
INFO: Deploying web application directory /home/almighyt-amir/Desktop/apache-tomcat-7.0.42/webapps/docs
Oct 04, 2013 11:19:27 AM org.apache.catalina.startup.HostConfig deployDirectory
INFO: Deploying web application directory /home/almighyt-amir/Desktop/apache-tomcat-7.0.42/webapps/ROOT
Oct 04, 2013 11:19:27 AM org.apache.catalina.startup.HostConfig deployDirectory
INFO: Deploying web application directory /home/almighyt-amir/Desktop/apache-tomcat-7.0.42/webapps/jsp-hello
Oct 04, 2013 11:19:28 AM org.apache.catalina.startup.HostConfig deployDirectory
INFO: Deploying web application directory /home/almighyt-amir/Desktop/apache-tomcat-7.0.42/webapps/jsp-calculator
Oct 04, 2013 11:19:28 AM org.apache.catalina.startup.HostConfig deployDirectory
INFO: Deploying web application directory /home/almighyt-amir/Desktop/apache-tomcat-7.0.42/webapps/host-manager
Oct 04, 2013 11:19:28 AM org.apache.catalina.startup.HostConfig deployDirectory
INFO: Deploying web application directory /home/almighyt-amir/Desktop/apache-tomcat-7.0.42/webapps/manager
Oct 04, 2013 11:19:28 AM org.apache.coyote.AbstractProtocol start
INFO: Starting ProtocolHandler ["http-bio-8080"]
Oct 04, 2013 11:19:28 AM org.apache.coyote.AbstractProtocol start
INFO: Starting ProtocolHandler ["ajp-bio-8009"]
Oct 04, 2013 11:19:28 AM org.apache.catalina.startup.Catalina start
INFO: Server startup in 1538 ms
Oct 04, 2013 11:20:28 AM org.apache.catalina.core.StandardServer await
INFO: A valid shutdown command was received via the shutdown port. Stopping the Server instance.
Oct 04, 2013 11:20:28 AM org.apache.coyote.AbstractProtocol pause
INFO: Pausing ProtocolHandler ["http-bio-8080"]
Oct 04, 2013 11:20:29 AM org.apache.coyote.AbstractProtocol pause
INFO: Pausing ProtocolHandler ["ajp-bio-8009"]
Oct 04, 2013 11:20:29 AM org.apache.catalina.core.StandardService stopInternal
INFO: Stopping service Catalina
Oct 04, 2013 11:20:29 AM org.apache.coyote.AbstractProtocol stop
INFO: Stopping ProtocolHandler ["http-bio-8080"]
Oct 04, 2013 11:20:29 AM org.apache.coyote.AbstractProtocol stop
INFO: Stopping ProtocolHandler ["ajp-bio-8009"]
Oct 04, 2013 11:20:29 AM org.apache.coyote.AbstractProtocol destroy
INFO: Destroying ProtocolHandler ["http-bio-8080"]
Oct 04, 2013 11:20:29 AM org.apache.coyote.AbstractProtocol destroy
INFO: Destroying ProtocolHandler ["ajp-bio-8009"]
Oct 04, 2013 11:22:14 AM org.apache.catalina.core.AprLifecycleListener init
INFO: The APR based Apache Tomcat Native library which allows optimal performance in production environments was not found on the java.library.path: /usr/java/packages/lib/i386:/usr/lib/jni:/lib:/usr/lib
Oct 04, 2013 11:22:14 AM org.apache.coyote.AbstractProtocol init
INFO: Initializing ProtocolHandler ["http-bio-8080"]
Oct 04, 2013 11:22:14 AM org.apache.coyote.AbstractProtocol init
INFO: Initializing ProtocolHandler ["ajp-bio-8009"]
Oct 04, 2013 11:22:14 AM org.apache.catalina.startup.Catalina load
INFO: Initialization processed in 793 ms
Oct 04, 2013 11:22:15 AM org.apache.catalina.core.StandardService startInternal
INFO: Starting service Catalina
Oct 04, 2013 11:22:15 AM org.apache.catalina.core.StandardEngine startInternal
INFO: Starting Servlet Engine: Apache Tomcat/7.0.42
Oct 04, 2013 11:22:15 AM org.apache.catalina.startup.HostConfig deployDirectory
INFO: Deploying web application directory /home/almighyt-amir/Desktop/apache-tomcat-7.0.42/webapps/examples
Oct 04, 2013 11:22:15 AM org.apache.catalina.startup.HostConfig deployDirectory
INFO: Deploying web application directory /home/almighyt-amir/Desktop/apache-tomcat-7.0.42/webapps/docs
Oct 04, 2013 11:22:15 AM org.apache.catalina.startup.HostConfig deployDirectory
INFO: Deploying web application directory /home/almighyt-amir/Desktop/apache-tomcat-7.0.42/webapps/ROOT
Oct 04, 2013 11:22:15 AM org.apache.catalina.startup.HostConfig deployDirectory
INFO: Deploying web application directory /home/almighyt-amir/Desktop/apache-tomcat-7.0.42/webapps/jsp-hello
Oct 04, 2013 11:22:15 AM org.apache.catalina.startup.HostConfig deployDirectory
INFO: Deploying web application directory /home/almighyt-amir/Desktop/apache-tomcat-7.0.42/webapps/jsp-calculator
Oct 04, 2013 11:22:16 AM org.apache.catalina.startup.HostConfig deployDirectory
INFO: Deploying web application directory /home/almighyt-amir/Desktop/apache-tomcat-7.0.42/webapps/host-manager
Oct 04, 2013 11:22:16 AM org.apache.catalina.startup.HostConfig deployDirectory
INFO: Deploying web application directory /home/almighyt-amir/Desktop/apache-tomcat-7.0.42/webapps/manager
Oct 04, 2013 11:22:16 AM org.apache.coyote.AbstractProtocol start
INFO: Starting ProtocolHandler ["http-bio-8080"]
Oct 04, 2013 11:22:16 AM org.apache.coyote.AbstractProtocol start
INFO: Starting ProtocolHandler ["ajp-bio-8009"]
Oct 04, 2013 11:22:16 AM org.apache.catalina.startup.Catalina start
INFO: Server startup in 1211 ms
Oct 04, 2013 12:02:07 PM org.apache.catalina.core.StandardServer await
INFO: A valid shutdown command was received via the shutdown port. Stopping the Server instance.
Oct 04, 2013 12:02:07 PM org.apache.coyote.AbstractProtocol pause
INFO: Pausing ProtocolHandler ["http-bio-8080"]
Oct 04, 2013 12:02:07 PM org.apache.coyote.AbstractProtocol pause
INFO: Pausing ProtocolHandler ["ajp-bio-8009"]
Oct 04, 2013 12:02:07 PM org.apache.catalina.core.StandardService stopInternal
INFO: Stopping service Catalina
Oct 04, 2013 12:02:07 PM org.apache.coyote.AbstractProtocol stop
INFO: Stopping ProtocolHandler ["http-bio-8080"]
Oct 04, 2013 12:02:07 PM org.apache.coyote.AbstractProtocol stop
INFO: Stopping ProtocolHandler ["ajp-bio-8009"]
Oct 04, 2013 12:02:07 PM org.apache.coyote.AbstractProtocol destroy
INFO: Destroying ProtocolHandler ["http-bio-8080"]
Oct 04, 2013 12:02:07 PM org.apache.coyote.AbstractProtocol destroy
INFO: Destroying ProtocolHandler ["ajp-bio-8009"]
