Oct 04, 2013 9:19:35 AM org.apache.catalina.core.ApplicationContext log
INFO: ContextListener: contextInitialized()
Oct 04, 2013 9:19:35 AM org.apache.catalina.core.ApplicationContext log
INFO: SessionListener: contextInitialized()
Oct 04, 2013 9:19:36 AM org.apache.catalina.core.ApplicationContext log
INFO: ContextListener: attributeAdded('org.apache.jasper.compiler.TldLocationsCache', 'org.apache.jasper.compiler.TldLocationsCache@31ba7')
Oct 04, 2013 9:20:15 AM org.apache.catalina.core.ApplicationContext log
INFO: ContextListener: contextInitialized()
Oct 04, 2013 9:20:15 AM org.apache.catalina.core.ApplicationContext log
INFO: SessionListener: contextInitialized()
Oct 04, 2013 9:20:18 AM org.apache.catalina.core.ApplicationContext log
INFO: ContextListener: attributeAdded('org.apache.jasper.compiler.TldLocationsCache', 'org.apache.jasper.compiler.TldLocationsCache@17a379')
Oct 04, 2013 9:20:18 AM org.apache.catalina.core.ApplicationContext log
INFO: SessionListener: contextDestroyed()
Oct 04, 2013 9:20:18 AM org.apache.catalina.core.ApplicationContext log
INFO: ContextListener: contextDestroyed()
Oct 04, 2013 9:21:18 AM org.apache.catalina.core.ApplicationContext log
INFO: ContextListener: contextInitialized()
Oct 04, 2013 9:21:18 AM org.apache.catalina.core.ApplicationContext log
INFO: SessionListener: contextInitialized()
Oct 04, 2013 9:21:18 AM org.apache.catalina.core.ApplicationContext log
INFO: ContextListener: attributeAdded('org.apache.jasper.compiler.TldLocationsCache', 'org.apache.jasper.compiler.TldLocationsCache@1849ee4')
Oct 04, 2013 9:21:18 AM org.apache.catalina.core.ApplicationContext log
INFO: SessionListener: contextDestroyed()
Oct 04, 2013 9:21:18 AM org.apache.catalina.core.ApplicationContext log
INFO: ContextListener: contextDestroyed()
Oct 04, 2013 9:22:38 AM org.apache.catalina.core.ApplicationContext log
INFO: SessionListener: contextDestroyed()
Oct 04, 2013 9:22:38 AM org.apache.catalina.core.ApplicationContext log
INFO: ContextListener: contextDestroyed()
Oct 04, 2013 9:22:57 AM org.apache.catalina.core.ApplicationContext log
INFO: ContextListener: contextInitialized()
Oct 04, 2013 9:22:57 AM org.apache.catalina.core.ApplicationContext log
INFO: SessionListener: contextInitialized()
Oct 04, 2013 9:22:57 AM org.apache.catalina.core.ApplicationContext log
INFO: ContextListener: attributeAdded('org.apache.jasper.compiler.TldLocationsCache', 'org.apache.jasper.compiler.TldLocationsCache@1b9e289')
Oct 04, 2013 9:33:38 AM org.apache.catalina.core.ApplicationContext log
INFO: SessionListener: contextDestroyed()
Oct 04, 2013 9:33:38 AM org.apache.catalina.core.ApplicationContext log
INFO: ContextListener: contextDestroyed()
Oct 04, 2013 9:33:47 AM org.apache.catalina.core.ApplicationContext log
INFO: ContextListener: contextInitialized()
Oct 04, 2013 9:33:47 AM org.apache.catalina.core.ApplicationContext log
INFO: SessionListener: contextInitialized()
Oct 04, 2013 9:33:56 AM org.apache.catalina.core.ApplicationContext log
INFO: ContextListener: attributeAdded('org.apache.jasper.compiler.TldLocationsCache', 'org.apache.jasper.compiler.TldLocationsCache@9799d1')
Oct 04, 2013 10:00:26 AM org.apache.catalina.core.StandardWrapperValve invoke
SEVERE: Servlet.service() for servlet [jsp] in context with path [/jsp-calculator] threw exception [An exception occurred processing JSP page /serverresponse.jsp at line 9

6: 
7: Result for <%=request.getParameter("useraction")%></center></H1>
8: <%
9: int i = Integer.parseInt(request.getParameter("usrval1"));
10: int j=Integer.parseInt(request.getParameter("usrval2"));
11: int k=0;
12: String str=request.getParameter("useraction");


Stacktrace:] with root cause
java.lang.NumberFormatException: For input string: ""
	at java.lang.NumberFormatException.forInputString(NumberFormatException.java:65)
	at java.lang.Integer.parseInt(Integer.java:504)
	at java.lang.Integer.parseInt(Integer.java:527)
	at org.apache.jsp.serverresponse_jsp._jspService(serverresponse_jsp.java:73)
	at org.apache.jasper.runtime.HttpJspBase.service(HttpJspBase.java:70)
	at javax.servlet.http.HttpServlet.service(HttpServlet.java:728)
	at org.apache.jasper.servlet.JspServletWrapper.service(JspServletWrapper.java:432)
	at org.apache.jasper.servlet.JspServlet.serviceJspFile(JspServlet.java:390)
	at org.apache.jasper.servlet.JspServlet.service(JspServlet.java:334)
	at javax.servlet.http.HttpServlet.service(HttpServlet.java:728)
	at org.apache.catalina.core.ApplicationFilterChain.internalDoFilter(ApplicationFilterChain.java:305)
	at org.apache.catalina.core.ApplicationFilterChain.doFilter(ApplicationFilterChain.java:210)
	at org.apache.catalina.core.StandardWrapperValve.invoke(StandardWrapperValve.java:222)
	at org.apache.catalina.core.StandardContextValve.invoke(StandardContextValve.java:123)
	at org.apache.catalina.authenticator.AuthenticatorBase.invoke(AuthenticatorBase.java:502)
	at org.apache.catalina.core.StandardHostValve.invoke(StandardHostValve.java:171)
	at org.apache.catalina.valves.ErrorReportValve.invoke(ErrorReportValve.java:99)
	at org.apache.catalina.valves.AccessLogValve.invoke(AccessLogValve.java:953)
	at org.apache.catalina.core.StandardEngineValve.invoke(StandardEngineValve.java:118)
	at org.apache.catalina.connector.CoyoteAdapter.service(CoyoteAdapter.java:408)
	at org.apache.coyote.http11.AbstractHttp11Processor.process(AbstractHttp11Processor.java:1023)
	at org.apache.coyote.AbstractProtocol$AbstractConnectionHandler.process(AbstractProtocol.java:589)
	at org.apache.tomcat.util.net.JIoEndpoint$SocketProcessor.run(JIoEndpoint.java:312)
	at java.util.concurrent.ThreadPoolExecutor.runWorker(ThreadPoolExecutor.java:1145)
	at java.util.concurrent.ThreadPoolExecutor$Worker.run(ThreadPoolExecutor.java:615)
	at java.lang.Thread.run(Thread.java:724)

Oct 04, 2013 10:00:46 AM org.apache.catalina.core.ApplicationContext log
INFO: SessionListener: contextDestroyed()
Oct 04, 2013 10:00:46 AM org.apache.catalina.core.ApplicationContext log
INFO: ContextListener: contextDestroyed()
Oct 04, 2013 11:19:27 AM org.apache.catalina.core.ApplicationContext log
INFO: ContextListener: contextInitialized()
Oct 04, 2013 11:19:27 AM org.apache.catalina.core.ApplicationContext log
INFO: SessionListener: contextInitialized()
Oct 04, 2013 11:19:27 AM org.apache.catalina.core.ApplicationContext log
INFO: ContextListener: attributeAdded('org.apache.jasper.compiler.TldLocationsCache', 'org.apache.jasper.compiler.TldLocationsCache@1e81cc9')
Oct 04, 2013 11:20:29 AM org.apache.catalina.core.ApplicationContext log
INFO: SessionListener: contextDestroyed()
Oct 04, 2013 11:20:29 AM org.apache.catalina.core.ApplicationContext log
INFO: ContextListener: contextDestroyed()
Oct 04, 2013 11:22:15 AM org.apache.catalina.core.ApplicationContext log
INFO: ContextListener: contextInitialized()
Oct 04, 2013 11:22:15 AM org.apache.catalina.core.ApplicationContext log
INFO: SessionListener: contextInitialized()
Oct 04, 2013 11:22:15 AM org.apache.catalina.core.ApplicationContext log
INFO: ContextListener: attributeAdded('org.apache.jasper.compiler.TldLocationsCache', 'org.apache.jasper.compiler.TldLocationsCache@1b9e289')
Oct 04, 2013 12:02:07 PM org.apache.catalina.core.ApplicationContext log
INFO: SessionListener: contextDestroyed()
Oct 04, 2013 12:02:07 PM org.apache.catalina.core.ApplicationContext log
INFO: ContextListener: contextDestroyed()
